[ 2023-08-06 18:10:40,119 ] 225 werkzeug - WARNING -  * Running on all addresses.
   WARNING: This is a development server. Do not use it in a production deployment.
[ 2023-08-06 18:10:40,119 ] 225 werkzeug - INFO -  * Running on http://192.168.1.4:9090/ (Press CTRL+C to quit)
[ 2023-08-06 18:10:42,457 ] 1458 app - ERROR - Exception on / [GET]
Traceback (most recent call last):
  File "e:\ML_OOP\mlproject_airbnb\mlproject_airbnb\.venv\lib\site-packages\flask\app.py", line 2073, in wsgi_app
    response = self.full_dispatch_request()
  File "e:\ML_OOP\mlproject_airbnb\mlproject_airbnb\.venv\lib\site-packages\flask\app.py", line 1518, in full_dispatch_request
    rv = self.handle_user_exception(e)
  File "e:\ML_OOP\mlproject_airbnb\mlproject_airbnb\.venv\lib\site-packages\flask\app.py", line 1516, in full_dispatch_request
    rv = self.dispatch_request()
  File "e:\ML_OOP\mlproject_airbnb\mlproject_airbnb\.venv\lib\site-packages\flask\app.py", line 1502, in dispatch_request
    return self.ensure_sync(self.view_functions[rule.endpoint])(**req.view_args)
  File "app.py", line 17, in index
    return render_template('index.html')
  File "e:\ML_OOP\mlproject_airbnb\mlproject_airbnb\.venv\lib\site-packages\flask\templating.py", line 150, in render_template
    ctx.app,
  File "e:\ML_OOP\mlproject_airbnb\mlproject_airbnb\.venv\lib\site-packages\flask\templating.py", line 128, in _render
    rv = template.render(context)
  File "e:\ML_OOP\mlproject_airbnb\mlproject_airbnb\.venv\lib\site-packages\jinja2\environment.py", line 1291, in render
    self.environment.handle_exception()
  File "e:\ML_OOP\mlproject_airbnb\mlproject_airbnb\.venv\lib\site-packages\jinja2\environment.py", line 925, in handle_exception
    raise rewrite_traceback_stack(source=source)
  File "E:\ML_OOP\mlproject_telecom\mlproject_telecom\templates\index.html", line 1, in top-level template code
    {% extends 'base.html' %}
  File "E:\ML_OOP\mlproject_telecom\mlproject_telecom\templates\base.html", line 20, in top-level template code
    {% block content %}{% endblock %}
  File "E:\ML_OOP\mlproject_telecom\mlproject_telecom\templates\index.html", line 11, in block 'content'
    <a class="login100-form-btn" href="{{ url_for('login')}}">Login</a>
  File "e:\ML_OOP\mlproject_airbnb\mlproject_airbnb\.venv\lib\site-packages\flask\helpers.py", line 338, in url_for
    return appctx.app.handle_url_build_error(error, endpoint, values)
  File "e:\ML_OOP\mlproject_airbnb\mlproject_airbnb\.venv\lib\site-packages\flask\helpers.py", line 326, in url_for
    endpoint, values, method=method, force_external=external
  File "e:\ML_OOP\mlproject_airbnb\mlproject_airbnb\.venv\lib\site-packages\werkzeug\routing.py", line 2315, in build
    raise BuildError(endpoint, values, method, self)
werkzeug.routing.BuildError: Could not build url for endpoint 'login'. Did you mean 'index' instead?
[ 2023-08-06 18:10:42,890 ] 225 werkzeug - INFO - 127.0.0.1 - - [06/Aug/2023 18:10:42] "[35m[1mGET / HTTP/1.1[0m" 500 -
[ 2023-08-06 18:10:55,766 ] 1458 app - ERROR - Exception on / [GET]
Traceback (most recent call last):
  File "e:\ML_OOP\mlproject_airbnb\mlproject_airbnb\.venv\lib\site-packages\flask\app.py", line 2073, in wsgi_app
    response = self.full_dispatch_request()
  File "e:\ML_OOP\mlproject_airbnb\mlproject_airbnb\.venv\lib\site-packages\flask\app.py", line 1518, in full_dispatch_request
    rv = self.handle_user_exception(e)
  File "e:\ML_OOP\mlproject_airbnb\mlproject_airbnb\.venv\lib\site-packages\flask\app.py", line 1516, in full_dispatch_request
    rv = self.dispatch_request()
  File "e:\ML_OOP\mlproject_airbnb\mlproject_airbnb\.venv\lib\site-packages\flask\app.py", line 1502, in dispatch_request
    return self.ensure_sync(self.view_functions[rule.endpoint])(**req.view_args)
  File "app.py", line 17, in index
    return render_template('index.html')
  File "e:\ML_OOP\mlproject_airbnb\mlproject_airbnb\.venv\lib\site-packages\flask\templating.py", line 150, in render_template
    ctx.app,
  File "e:\ML_OOP\mlproject_airbnb\mlproject_airbnb\.venv\lib\site-packages\flask\templating.py", line 128, in _render
    rv = template.render(context)
  File "e:\ML_OOP\mlproject_airbnb\mlproject_airbnb\.venv\lib\site-packages\jinja2\environment.py", line 1291, in render
    self.environment.handle_exception()
  File "e:\ML_OOP\mlproject_airbnb\mlproject_airbnb\.venv\lib\site-packages\jinja2\environment.py", line 925, in handle_exception
    raise rewrite_traceback_stack(source=source)
  File "E:\ML_OOP\mlproject_telecom\mlproject_telecom\templates\index.html", line 1, in top-level template code
    {% extends 'base.html' %}
  File "E:\ML_OOP\mlproject_telecom\mlproject_telecom\templates\base.html", line 20, in top-level template code
    {% block content %}{% endblock %}
  File "E:\ML_OOP\mlproject_telecom\mlproject_telecom\templates\index.html", line 11, in block 'content'
    <a class="login100-form-btn" href="{{ url_for('login')}}">Login</a>
  File "e:\ML_OOP\mlproject_airbnb\mlproject_airbnb\.venv\lib\site-packages\flask\helpers.py", line 338, in url_for
    return appctx.app.handle_url_build_error(error, endpoint, values)
  File "e:\ML_OOP\mlproject_airbnb\mlproject_airbnb\.venv\lib\site-packages\flask\helpers.py", line 326, in url_for
    endpoint, values, method=method, force_external=external
  File "e:\ML_OOP\mlproject_airbnb\mlproject_airbnb\.venv\lib\site-packages\werkzeug\routing.py", line 2315, in build
    raise BuildError(endpoint, values, method, self)
werkzeug.routing.BuildError: Could not build url for endpoint 'login'. Did you mean 'index' instead?
[ 2023-08-06 18:10:55,769 ] 225 werkzeug - INFO - 127.0.0.1 - - [06/Aug/2023 18:10:55] "[35m[1mGET / HTTP/1.1[0m" 500 -
[ 2023-08-06 18:11:02,336 ] 225 werkzeug - INFO - 127.0.0.1 - - [06/Aug/2023 18:11:02] "GET /predictdata HTTP/1.1" 200 -
[ 2023-08-06 18:11:02,609 ] 225 werkzeug - INFO - 127.0.0.1 - - [06/Aug/2023 18:11:02] "[33mGET /css/materialize.min.css HTTP/1.1[0m" 404 -
